<?xml version="1.0" encoding="UTF-8"?>
<testsuite name="runners.Runner" time="0.003" tests="8" errors="0" skipped="0" failures="0">
  <properties>
[...]
</properties>
  <testcase name="Given Open the browser" classname="Scenario: " time="0.002"/>
  <testcase name="When I navigate to Facebook page" classname="Scenario: " time="0"/>
  <testcase name="Scenario: " classname="Scenario: " time="0.001"/>
  <testcase name="Given user is on login page" classname="Scenario: Check login is successful with valid credentials" time="0"/>
  <testcase name="When Enter valid user name and password" classname="Scenario: Check login is successful with valid credentials" time="0"/>
  <testcase name="And clicked on login button" classname="Scenario: Check login is successful with valid credentials" time="0"/>
  <testcase name="Then User redirected to mainpage" classname="Scenario: Check login is successful with valid credentials" time="0"/>
  <testcase name="Scenario: Check login is successful with valid credentials" classname="Scenario: Check login is successful with valid credentials" time="0"/>
</testsuite>